z:\projects\realcartest\x64\debug\pcanbasicexample.pch
z:\projects\realcartest\x64\debug\vc120.pdb
z:\projects\realcartest\x64\debug\vc120.idb
z:\projects\realcartest\x64\debug\stdafx.obj
z:\projects\realcartest\x64\debug\enumser.obj
z:\projects\realcartest\x64\debug\pcanbasicclass.obj
z:\projects\realcartest\x64\debug\pcanbasicexample.obj
z:\projects\realcartest\x64\debug\pcanbasicexampledlg.obj
z:\projects\realcartest\x64\debug\pcanbasicexample.res
z:\projects\realcartest\x64\debug\pcanbasicexample.ilk
z:\projects\realcartest\x64\debug\pcanbasicexample.exe
z:\projects\realcartest\x64\debug\pcanbasicexample.pdb
z:\projects\realcartest\x64\debug\pcanbasicexample.tlog\cl.read.1.tlog
z:\projects\realcartest\x64\debug\pcanbasicexample.tlog\cl.write.1.tlog
z:\projects\realcartest\x64\debug\pcanbasicexample.tlog\cl.command.1.tlog
z:\projects\realcartest\x64\debug\pcanbasicexample.tlog\rc.read.1.tlog
z:\projects\realcartest\x64\debug\pcanbasicexample.tlog\rc.write.1.tlog
z:\projects\realcartest\x64\debug\pcanbasicexample.tlog\rc.command.1.tlog
z:\projects\realcartest\x64\debug\pcanbasicexample.tlog\link.read.1.tlog
z:\projects\realcartest\x64\debug\pcanbasicexample.tlog\link.write.1.tlog
z:\projects\realcartest\x64\debug\pcanbasicexample.tlog\link.command.1.tlog
